<?xml version="1.0" encoding="UTF-8"?>
<!-- Generated by org.testng.reporters.JUnitReportReporter -->
<testsuite hostname="LAPTOP-FCOBB088" failures="0" tests="5" name="TestRunner.TestRunner" time="10.631" errors="0" timestamp="2025-01-26T23:22:25 IST" skipped="0">
  <testcase classname="TestRunner.TestRunner" name="runScenario" time="0.859"/>
  <system-out/>
  <testcase classname="TestRunner.TestRunner" name="runScenario" time="2.290"/>
  <system-out/>
  <testcase classname="TestRunner.TestRunner" name="runScenario" time="2.328"/>
  <system-out/>
  <testcase classname="TestRunner.TestRunner" name="runScenario" time="3.870"/>
  <system-out/>
  <testcase classname="TestRunner.TestRunner" name="runScenario" time="1.284"/>
  <system-out/>
</testsuite> <!-- TestRunner.TestRunner -->
